<?xml version="1.0" encoding="UTF-8"?>
<coverage generated="1653806685084" clover="3.2.0">
  <project timestamp="1653806685084" name="All files">
    <metrics statements="50" coveredstatements="50" conditionals="44" coveredconditionals="44" methods="12" coveredmethods="12" elements="106" coveredelements="106" complexity="0" loc="50" ncloc="50" packages="1" files="1" classes="1"/>
    <file name="index.ts" path="/Users/zenn/Documents/search-devtools/src/index.ts">
      <metrics statements="50" coveredstatements="50" conditionals="44" coveredconditionals="44" methods="12" coveredmethods="12"/>
      <line num="1" count="1" type="stmt"/>
      <line num="2" count="1" type="stmt"/>
      <line num="3" count="1" type="stmt"/>
      <line num="20" count="1" type="stmt"/>
      <line num="21" count="4" type="stmt"/>
      <line num="35" count="1" type="stmt"/>
      <line num="36" count="9" type="cond" truecount="1" falsecount="0"/>
      <line num="37" count="7" type="cond" truecount="1" falsecount="0"/>
      <line num="38" count="6" type="cond" truecount="3" falsecount="0"/>
      <line num="39" count="1" type="stmt"/>
      <line num="42" count="5" type="cond" truecount="2" falsecount="0"/>
      <line num="46" count="4" type="cond" truecount="4" falsecount="0"/>
      <line num="48" count="1" type="stmt"/>
      <line num="50" count="1" type="stmt"/>
      <line num="52" count="1" type="stmt"/>
      <line num="54" count="1" type="stmt"/>
      <line num="57" count="1" type="stmt"/>
      <line num="61" count="1" type="stmt"/>
      <line num="62" count="10" type="cond" truecount="8" falsecount="0"/>
      <line num="64" count="1" type="stmt"/>
      <line num="66" count="1" type="stmt"/>
      <line num="68" count="1" type="stmt"/>
      <line num="70" count="1" type="stmt"/>
      <line num="72" count="2" type="stmt"/>
      <line num="74" count="2" type="stmt"/>
      <line num="76" count="1" type="stmt"/>
      <line num="78" count="1" type="stmt"/>
      <line num="82" count="1" type="stmt"/>
      <line num="83" count="12" type="cond" truecount="4" falsecount="0"/>
      <line num="84" count="12" type="cond" truecount="2" falsecount="0"/>
      <line num="88" count="12" type="stmt"/>
      <line num="91" count="1" type="stmt"/>
      <line num="92" count="7" type="stmt"/>
      <line num="93" count="7" type="cond" truecount="2" falsecount="0"/>
      <line num="94" count="4" type="stmt"/>
      <line num="95" count="3" type="cond" truecount="2" falsecount="0"/>
      <line num="96" count="1" type="stmt"/>
      <line num="98" count="2" type="stmt"/>
      <line num="102" count="4" type="stmt"/>
      <line num="103" count="4" type="cond" truecount="1" falsecount="0"/>
      <line num="104" count="1" type="stmt"/>
      <line num="109" count="3" type="cond" truecount="1" falsecount="0"/>
      <line num="110" count="1" type="stmt"/>
      <line num="115" count="2" type="stmt"/>
      <line num="121" count="2" type="stmt"/>
      <line num="125" count="1" type="stmt"/>
      <line num="126" count="1" type="stmt"/>
      <line num="127" count="1" type="stmt"/>
      <line num="128" count="1" type="stmt"/>
      <line num="132" count="1" type="stmt"/>
    </file>
  </project>
</coverage>
