{"/Users/swoon/Documents/electron-search-devtools/src/searchDevtools.ts": {"path":"/Users/swoon/Documents/electron-search-devtools/src/searchDevtools.ts","statementMap":{"0":{"start":{"line":1,"column":0},"end":{"line":1,"column":20}},"1":{"start":{"line":2,"column":0},"end":{"line":2,"column":20}},"2":{"start":{"line":3,"column":0},"end":{"line":3,"column":24}},"3":{"start":{"line":8,"column":21},"end":{"line":14,"column":1}},"4":{"start":{"line":9,"column":2},"end":{"line":13,"column":4}},"5":{"start":{"line":16,"column":29},"end":{"line":24,"column":1}},"6":{"start":{"line":17,"column":2},"end":{"line":23,"column":null}},"7":{"start":{"line":18,"column":4},"end":{"line":18,"column":66}},"8":{"start":{"line":19,"column":9},"end":{"line":23,"column":null}},"9":{"start":{"line":20,"column":4},"end":{"line":20,"column":66}},"10":{"start":{"line":22,"column":4},"end":{"line":22,"column":66}},"11":{"start":{"line":16,"column":13},"end":{"line":16,"column":29}},"12":{"start":{"line":26,"column":25},"end":{"line":34,"column":1}},"13":{"start":{"line":27,"column":2},"end":{"line":33,"column":null}},"14":{"start":{"line":28,"column":4},"end":{"line":28,"column":56}},"15":{"start":{"line":29,"column":9},"end":{"line":33,"column":null}},"16":{"start":{"line":30,"column":4},"end":{"line":30,"column":52}},"17":{"start":{"line":32,"column":4},"end":{"line":32,"column":36}},"18":{"start":{"line":26,"column":13},"end":{"line":26,"column":25}},"19":{"start":{"line":36,"column":30},"end":{"line":61,"column":2}},"20":{"start":{"line":38,"column":40},"end":{"line":61,"column":2}},"21":{"start":{"line":39,"column":2},"end":{"line":44,"column":null}},"22":{"start":{"line":40,"column":4},"end":{"line":42,"column":6}},"23":{"start":{"line":43,"column":4},"end":{"line":43,"column":11}},"24":{"start":{"line":46,"column":19},"end":{"line":46,"column":37}},"25":{"start":{"line":47,"column":18},"end":{"line":47,"column":77}},"26":{"start":{"line":49,"column":2},"end":{"line":60,"column":38}},"27":{"start":{"line":52,"column":6},"end":{"line":55,"column":16}},"28":{"start":{"line":53,"column":28},"end":{"line":53,"column":48}},"29":{"start":{"line":54,"column":27},"end":{"line":54,"column":54}},"30":{"start":{"line":58,"column":6},"end":{"line":58,"column":21}},"31":{"start":{"line":60,"column":20},"end":{"line":60,"column":36}},"32":{"start":{"line":36,"column":13},"end":{"line":36,"column":30}}},"fnMap":{"0":{"name":"(anonymous_8)","decl":{"start":{"line":8,"column":21},"end":{"line":8,"column":22}},"loc":{"start":{"line":8,"column":51},"end":{"line":14,"column":1}}},"1":{"name":"(anonymous_9)","decl":{"start":{"line":16,"column":29},"end":{"line":16,"column":30}},"loc":{"start":{"line":16,"column":55},"end":{"line":24,"column":1}}},"2":{"name":"(anonymous_10)","decl":{"start":{"line":26,"column":25},"end":{"line":26,"column":26}},"loc":{"start":{"line":26,"column":54},"end":{"line":34,"column":1}}},"3":{"name":"(anonymous_11)","decl":{"start":{"line":36,"column":30},"end":{"line":36,"column":null}},"loc":{"start":{"line":38,"column":40},"end":{"line":61,"column":2}}},"4":{"name":"(anonymous_12)","decl":{"start":{"line":38,"column":40},"end":{"line":38,"column":null}},"loc":{"start":{"line":38,"column":40},"end":{"line":61,"column":1}}},"5":{"name":"(anonymous_13)","decl":{"start":{"line":51,"column":10},"end":{"line":51,"column":11}},"loc":{"start":{"line":52,"column":6},"end":{"line":55,"column":16}}},"6":{"name":"(anonymous_14)","decl":{"start":{"line":53,"column":16},"end":{"line":53,"column":17}},"loc":{"start":{"line":53,"column":28},"end":{"line":53,"column":48}}},"7":{"name":"(anonymous_15)","decl":{"start":{"line":54,"column":13},"end":{"line":54,"column":14}},"loc":{"start":{"line":54,"column":27},"end":{"line":54,"column":54}}},"8":{"name":"(anonymous_16)","decl":{"start":{"line":57,"column":10},"end":{"line":57,"column":11}},"loc":{"start":{"line":57,"column":22},"end":{"line":59,"column":5}}},"9":{"name":"(anonymous_17)","decl":{"start":{"line":60,"column":11},"end":{"line":60,"column":12}},"loc":{"start":{"line":60,"column":20},"end":{"line":60,"column":36}}}},"branchMap":{"0":{"loc":{"start":{"line":10,"column":4},"end":{"line":10,"column":16}},"type":"binary-expr","locations":[{"start":{"line":10,"column":4},"end":{"line":10,"column":16}},{"start":{"line":11,"column":4},"end":{"line":11,"column":27}},{"start":{"line":12,"column":5},"end":{"line":12,"column":18}},{"start":{"line":12,"column":22},"end":{"line":12,"column":37}},{"start":{"line":12,"column":41},"end":{"line":12,"column":56}}]},"1":{"loc":{"start":{"line":17,"column":2},"end":{"line":23,"column":null}},"type":"if","locations":[{"start":{"line":17,"column":2},"end":{"line":23,"column":null}},{"start":{"line":17,"column":2},"end":{"line":23,"column":null}}]},"2":{"loc":{"start":{"line":19,"column":9},"end":{"line":23,"column":null}},"type":"if","locations":[{"start":{"line":19,"column":9},"end":{"line":23,"column":null}},{"start":{"line":19,"column":9},"end":{"line":23,"column":null}}]},"3":{"loc":{"start":{"line":27,"column":2},"end":{"line":33,"column":null}},"type":"if","locations":[{"start":{"line":27,"column":2},"end":{"line":33,"column":null}},{"start":{"line":27,"column":2},"end":{"line":33,"column":null}}]},"4":{"loc":{"start":{"line":29,"column":9},"end":{"line":33,"column":null}},"type":"if","locations":[{"start":{"line":29,"column":9},"end":{"line":33,"column":null}},{"start":{"line":29,"column":9},"end":{"line":33,"column":null}}]},"5":{"loc":{"start":{"line":39,"column":2},"end":{"line":44,"column":null}},"type":"if","locations":[{"start":{"line":39,"column":2},"end":{"line":44,"column":null}},{"start":{"line":39,"column":2},"end":{"line":44,"column":null}}]}},"s":{"0":1,"1":1,"2":1,"3":1,"4":2,"5":1,"6":4,"7":2,"8":2,"9":1,"10":1,"11":1,"12":1,"13":5,"14":3,"15":2,"16":1,"17":1,"18":1,"19":1,"20":2,"21":2,"22":1,"23":1,"24":1,"25":1,"26":1,"27":1,"28":1,"29":1,"30":1,"31":0,"32":1},"f":{"0":2,"1":4,"2":5,"3":2,"4":2,"5":1,"6":1,"7":1,"8":1,"9":0},"b":{"0":[2,2,2,2,1],"1":[2,2],"2":[1,1],"3":[3,2],"4":[1,1],"5":[1,1]}}
}
