{"/Users/zenn/Documents/search-devtools/src/index.ts": {"path":"/Users/zenn/Documents/search-devtools/src/index.ts","statementMap":{"0":{"start":{"line":1,"column":0},"end":{"line":1,"column":20}},"1":{"start":{"line":2,"column":0},"end":{"line":2,"column":20}},"2":{"start":{"line":3,"column":0},"end":{"line":3,"column":24}},"3":{"start":{"line":20,"column":21},"end":{"line":32,"column":1}},"4":{"start":{"line":21,"column":2},"end":{"line":31,"column":4}},"5":{"start":{"line":35,"column":32},"end":{"line":59,"column":1}},"6":{"start":{"line":36,"column":2},"end":{"line":36,"column":41}},"7":{"start":{"line":36,"column":29},"end":{"line":36,"column":41}},"8":{"start":{"line":37,"column":2},"end":{"line":37,"column":48}},"9":{"start":{"line":37,"column":35},"end":{"line":37,"column":48}},"10":{"start":{"line":38,"column":2},"end":{"line":40,"column":null}},"11":{"start":{"line":39,"column":4},"end":{"line":39,"column":17}},"12":{"start":{"line":42,"column":2},"end":{"line":58,"column":null}},"13":{"start":{"line":46,"column":4},"end":{"line":55,"column":null}},"14":{"start":{"line":48,"column":8},"end":{"line":48,"column":20}},"15":{"start":{"line":50,"column":8},"end":{"line":50,"column":20}},"16":{"start":{"line":52,"column":8},"end":{"line":52,"column":20}},"17":{"start":{"line":54,"column":8},"end":{"line":54,"column":21}},"18":{"start":{"line":57,"column":4},"end":{"line":57,"column":17}},"19":{"start":{"line":35,"column":13},"end":{"line":35,"column":32}},"20":{"start":{"line":61,"column":29},"end":{"line":80,"column":1}},"21":{"start":{"line":62,"column":2},"end":{"line":79,"column":null}},"22":{"start":{"line":64,"column":6},"end":{"line":64,"column":48}},"23":{"start":{"line":66,"column":6},"end":{"line":66,"column":48}},"24":{"start":{"line":68,"column":6},"end":{"line":68,"column":48}},"25":{"start":{"line":70,"column":6},"end":{"line":70,"column":48}},"26":{"start":{"line":72,"column":6},"end":{"line":72,"column":48}},"27":{"start":{"line":74,"column":6},"end":{"line":74,"column":48}},"28":{"start":{"line":76,"column":6},"end":{"line":76,"column":48}},"29":{"start":{"line":78,"column":6},"end":{"line":78,"column":16}},"30":{"start":{"line":61,"column":13},"end":{"line":61,"column":29}},"31":{"start":{"line":82,"column":26},"end":{"line":89,"column":1}},"32":{"start":{"line":83,"column":18},"end":{"line":83,"column":68}},"33":{"start":{"line":84,"column":18},"end":{"line":86,"column":21}},"34":{"start":{"line":88,"column":2},"end":{"line":88,"column":30}},"35":{"start":{"line":82,"column":13},"end":{"line":82,"column":26}},"36":{"start":{"line":91,"column":25},"end":{"line":100,"column":1}},"37":{"start":{"line":92,"column":19},"end":{"line":92,"column":38}},"38":{"start":{"line":93,"column":2},"end":{"line":99,"column":null}},"39":{"start":{"line":94,"column":4},"end":{"line":94,"column":89}},"40":{"start":{"line":95,"column":9},"end":{"line":99,"column":null}},"41":{"start":{"line":96,"column":4},"end":{"line":96,"column":85}},"42":{"start":{"line":98,"column":4},"end":{"line":98,"column":78}},"43":{"start":{"line":91,"column":13},"end":{"line":91,"column":25}},"44":{"start":{"line":102,"column":30},"end":{"line":134,"column":2}},"45":{"start":{"line":102,"column":73},"end":{"line":134,"column":2}},"46":{"start":{"line":103,"column":2},"end":{"line":107,"column":null}},"47":{"start":{"line":104,"column":4},"end":{"line":106,"column":6}},"48":{"start":{"line":109,"column":2},"end":{"line":113,"column":null}},"49":{"start":{"line":110,"column":4},"end":{"line":112,"column":6}},"50":{"start":{"line":115,"column":18},"end":{"line":118,"column":null}},"51":{"start":{"line":121,"column":2},"end":{"line":133,"column":7}},"52":{"start":{"line":125,"column":8},"end":{"line":129,"column":23}},"53":{"start":{"line":126,"column":30},"end":{"line":126,"column":50}},"54":{"start":{"line":127,"column":32},"end":{"line":127,"column":75}},"55":{"start":{"line":128,"column":29},"end":{"line":128,"column":56}},"56":{"start":{"line":132,"column":6},"end":{"line":132,"column":55}},"57":{"start":{"line":102,"column":13},"end":{"line":102,"column":30}}},"fnMap":{"0":{"name":"(anonymous_8)","decl":{"start":{"line":20,"column":21},"end":{"line":20,"column":22}},"loc":{"start":{"line":20,"column":51},"end":{"line":32,"column":1}}},"1":{"name":"(anonymous_9)","decl":{"start":{"line":35,"column":32},"end":{"line":35,"column":33}},"loc":{"start":{"line":35,"column":69},"end":{"line":59,"column":1}}},"2":{"name":"(anonymous_10)","decl":{"start":{"line":61,"column":29},"end":{"line":61,"column":30}},"loc":{"start":{"line":61,"column":47},"end":{"line":80,"column":1}}},"3":{"name":"(anonymous_11)","decl":{"start":{"line":82,"column":26},"end":{"line":82,"column":27}},"loc":{"start":{"line":82,"column":57},"end":{"line":89,"column":1}}},"4":{"name":"(anonymous_12)","decl":{"start":{"line":91,"column":25},"end":{"line":91,"column":26}},"loc":{"start":{"line":91,"column":65},"end":{"line":100,"column":1}}},"5":{"name":"(anonymous_13)","decl":{"start":{"line":102,"column":30},"end":{"line":102,"column":37}},"loc":{"start":{"line":102,"column":73},"end":{"line":134,"column":2}}},"6":{"name":"(anonymous_14)","decl":{"start":{"line":102,"column":73},"end":{"line":102,"column":null}},"loc":{"start":{"line":102,"column":73},"end":{"line":134,"column":1}}},"7":{"name":"(anonymous_15)","decl":{"start":{"line":124,"column":6},"end":{"line":124,"column":7}},"loc":{"start":{"line":125,"column":8},"end":{"line":129,"column":23}}},"8":{"name":"(anonymous_16)","decl":{"start":{"line":126,"column":18},"end":{"line":126,"column":19}},"loc":{"start":{"line":126,"column":30},"end":{"line":126,"column":50}}},"9":{"name":"(anonymous_17)","decl":{"start":{"line":127,"column":18},"end":{"line":127,"column":19}},"loc":{"start":{"line":127,"column":32},"end":{"line":127,"column":75}}},"10":{"name":"(anonymous_18)","decl":{"start":{"line":128,"column":15},"end":{"line":128,"column":16}},"loc":{"start":{"line":128,"column":29},"end":{"line":128,"column":56}}},"11":{"name":"(anonymous_19)","decl":{"start":{"line":131,"column":11},"end":{"line":131,"column":14}},"loc":{"start":{"line":131,"column":16},"end":{"line":133,"column":5}}}},"branchMap":{"0":{"loc":{"start":{"line":22,"column":4},"end":{"line":30,"column":23}},"type":"binary-expr","locations":[{"start":{"line":22,"column":4},"end":{"line":22,"column":16}},{"start":{"line":23,"column":4},"end":{"line":23,"column":27}},{"start":{"line":24,"column":5},"end":{"line":24,"column":21}},{"start":{"line":25,"column":6},"end":{"line":25,"column":23}},{"start":{"line":26,"column":6},"end":{"line":26,"column":20}},{"start":{"line":27,"column":6},"end":{"line":27,"column":19}},{"start":{"line":28,"column":6},"end":{"line":28,"column":21}},{"start":{"line":29,"column":6},"end":{"line":29,"column":21}},{"start":{"line":30,"column":6},"end":{"line":30,"column":22}}]},"1":{"loc":{"start":{"line":36,"column":2},"end":{"line":36,"column":41}},"type":"if","locations":[{"start":{"line":36,"column":2},"end":{"line":36,"column":41}}]},"2":{"loc":{"start":{"line":37,"column":2},"end":{"line":37,"column":48}},"type":"if","locations":[{"start":{"line":37,"column":2},"end":{"line":37,"column":48}}]},"3":{"loc":{"start":{"line":38,"column":2},"end":{"line":40,"column":null}},"type":"if","locations":[{"start":{"line":38,"column":2},"end":{"line":40,"column":null}}]},"4":{"loc":{"start":{"line":38,"column":6},"end":{"line":38,"column":74}},"type":"binary-expr","locations":[{"start":{"line":38,"column":6},"end":{"line":38,"column":38}},{"start":{"line":38,"column":42},"end":{"line":38,"column":74}}]},"5":{"loc":{"start":{"line":42,"column":2},"end":{"line":58,"column":null}},"type":"if","locations":[{"start":{"line":42,"column":2},"end":{"line":58,"column":null}},{"start":{"line":56,"column":9},"end":{"line":58,"column":null}}]},"6":{"loc":{"start":{"line":43,"column":4},"end":{"line":44,"column":36}},"type":"binary-expr","locations":[{"start":{"line":43,"column":4},"end":{"line":43,"column":42}},{"start":{"line":44,"column":4},"end":{"line":44,"column":36}}]},"7":{"loc":{"start":{"line":46,"column":4},"end":{"line":55,"column":null}},"type":"switch","locations":[{"start":{"line":47,"column":6},"end":{"line":48,"column":20}},{"start":{"line":49,"column":6},"end":{"line":50,"column":20}},{"start":{"line":51,"column":6},"end":{"line":52,"column":20}},{"start":{"line":53,"column":6},"end":{"line":54,"column":21}}]},"8":{"loc":{"start":{"line":62,"column":2},"end":{"line":79,"column":null}},"type":"switch","locations":[{"start":{"line":63,"column":4},"end":{"line":64,"column":48}},{"start":{"line":65,"column":4},"end":{"line":66,"column":48}},{"start":{"line":67,"column":4},"end":{"line":68,"column":48}},{"start":{"line":69,"column":4},"end":{"line":70,"column":48}},{"start":{"line":71,"column":4},"end":{"line":72,"column":48}},{"start":{"line":73,"column":4},"end":{"line":74,"column":48}},{"start":{"line":75,"column":4},"end":{"line":76,"column":48}},{"start":{"line":77,"column":4},"end":{"line":78,"column":16}}]},"9":{"loc":{"start":{"line":83,"column":18},"end":{"line":83,"column":68}},"type":"cond-expr","locations":[{"start":{"line":83,"column":28},"end":{"line":83,"column":56}},{"start":{"line":83,"column":59},"end":{"line":83,"column":68}}]},"10":{"loc":{"start":{"line":83,"column":28},"end":{"line":83,"column":56}},"type":"binary-expr","locations":[{"start":{"line":83,"column":28},"end":{"line":83,"column":43}},{"start":{"line":83,"column":47},"end":{"line":83,"column":56}}]},"11":{"loc":{"start":{"line":84,"column":18},"end":{"line":86,"column":21}},"type":"cond-expr","locations":[{"start":{"line":85,"column":6},"end":{"line":85,"column":40}},{"start":{"line":86,"column":6},"end":{"line":86,"column":21}}]},"12":{"loc":{"start":{"line":85,"column":6},"end":{"line":85,"column":40}},"type":"binary-expr","locations":[{"start":{"line":85,"column":6},"end":{"line":85,"column":21}},{"start":{"line":85,"column":25},"end":{"line":85,"column":40}}]},"13":{"loc":{"start":{"line":93,"column":2},"end":{"line":99,"column":null}},"type":"if","locations":[{"start":{"line":93,"column":2},"end":{"line":99,"column":null}},{"start":{"line":95,"column":9},"end":{"line":99,"column":null}}]},"14":{"loc":{"start":{"line":95,"column":9},"end":{"line":99,"column":null}},"type":"if","locations":[{"start":{"line":95,"column":9},"end":{"line":99,"column":null}},{"start":{"line":97,"column":9},"end":{"line":99,"column":null}}]},"15":{"loc":{"start":{"line":103,"column":2},"end":{"line":107,"column":null}},"type":"if","locations":[{"start":{"line":103,"column":2},"end":{"line":107,"column":null}}]},"16":{"loc":{"start":{"line":109,"column":2},"end":{"line":113,"column":null}},"type":"if","locations":[{"start":{"line":109,"column":2},"end":{"line":113,"column":null}}]}},"s":{"0":1,"1":1,"2":1,"3":1,"4":4,"5":1,"6":9,"7":2,"8":7,"9":1,"10":6,"11":1,"12":5,"13":4,"14":1,"15":1,"16":1,"17":1,"18":1,"19":1,"20":1,"21":10,"22":1,"23":1,"24":1,"25":1,"26":2,"27":2,"28":1,"29":1,"30":1,"31":1,"32":12,"33":12,"34":12,"35":1,"36":1,"37":7,"38":7,"39":4,"40":3,"41":1,"42":2,"43":1,"44":1,"45":4,"46":4,"47":1,"48":3,"49":1,"50":2,"51":2,"52":1,"53":1,"54":1,"55":1,"56":1,"57":1},"f":{"0":4,"1":9,"2":10,"3":12,"4":7,"5":4,"6":4,"7":1,"8":1,"9":1,"10":1,"11":1},"b":{"0":[4,4,4,4,4,4,4,2,1],"1":[2],"2":[1],"3":[1],"4":[6,2],"5":[4,1],"6":[5,2],"7":[1,1,1,1],"8":[1,1,1,1,2,2,1,1],"9":[5,7],"10":[5,2],"11":[5,7],"12":[5,1],"13":[4,3],"14":[1,2],"15":[1],"16":[1]}}
}
