TN:
SF:src/index.ts
FN:19,(anonymous_8)
FN:33,(anonymous_9)
FN:59,(anonymous_10)
FN:78,(anonymous_11)
FN:87,(anonymous_12)
FN:98,(anonymous_13)
FN:98,(anonymous_14)
FN:120,(anonymous_15)
FN:122,(anonymous_16)
FN:123,(anonymous_17)
FN:124,(anonymous_18)
FN:127,(anonymous_19)
FNF:12
FNH:12
FNDA:4,(anonymous_8)
FNDA:9,(anonymous_9)
FNDA:9,(anonymous_10)
FNDA:12,(anonymous_11)
FNDA:7,(anonymous_12)
FNDA:4,(anonymous_13)
FNDA:4,(anonymous_14)
FNDA:1,(anonymous_15)
FNDA:1,(anonymous_16)
FNDA:1,(anonymous_17)
FNDA:1,(anonymous_18)
FNDA:1,(anonymous_19)
DA:1,1
DA:2,1
DA:3,1
DA:19,1
DA:20,4
DA:33,1
DA:34,9
DA:35,7
DA:36,6
DA:37,1
DA:40,5
DA:44,4
DA:46,1
DA:48,1
DA:50,1
DA:52,1
DA:55,1
DA:59,1
DA:60,9
DA:62,1
DA:64,1
DA:66,1
DA:68,1
DA:70,2
DA:72,2
DA:74,1
DA:78,1
DA:79,12
DA:80,12
DA:84,12
DA:87,1
DA:88,7
DA:89,7
DA:90,4
DA:91,3
DA:92,1
DA:94,2
DA:98,4
DA:99,4
DA:100,1
DA:105,3
DA:106,1
DA:111,2
DA:117,2
DA:121,1
DA:122,1
DA:123,1
DA:124,1
DA:128,1
LF:49
LH:49
BRDA:21,0,0,4
BRDA:21,0,1,4
BRDA:21,0,2,4
BRDA:21,0,3,4
BRDA:21,0,4,4
BRDA:21,0,5,4
BRDA:21,0,6,4
BRDA:21,0,7,2
BRDA:34,1,0,2
BRDA:35,2,0,1
BRDA:36,3,0,1
BRDA:36,4,0,6
BRDA:36,4,1,2
BRDA:40,5,0,4
BRDA:40,5,1,1
BRDA:41,6,0,5
BRDA:41,6,1,2
BRDA:44,7,0,1
BRDA:44,7,1,1
BRDA:44,7,2,1
BRDA:44,7,3,1
BRDA:60,8,0,1
BRDA:60,8,1,1
BRDA:60,8,2,1
BRDA:60,8,3,1
BRDA:60,8,4,2
BRDA:60,8,5,2
BRDA:60,8,6,1
BRDA:79,9,0,5
BRDA:79,9,1,7
BRDA:79,10,0,5
BRDA:79,10,1,2
BRDA:80,11,0,5
BRDA:80,11,1,7
BRDA:81,12,0,5
BRDA:81,12,1,1
BRDA:89,13,0,4
BRDA:89,13,1,3
BRDA:91,14,0,1
BRDA:91,14,1,2
BRDA:99,15,0,1
BRDA:105,16,0,1
BRF:42
BRH:42
end_of_record
