TN:
SF:src/searchDevtools.ts
FN:8,(anonymous_8)
FN:16,(anonymous_9)
FN:26,(anonymous_10)
FN:36,(anonymous_11)
FN:38,(anonymous_12)
FN:51,(anonymous_13)
FN:53,(anonymous_14)
FN:54,(anonymous_15)
FN:57,(anonymous_16)
FN:60,(anonymous_17)
FNF:10
FNH:9
FNDA:2,(anonymous_8)
FNDA:4,(anonymous_9)
FNDA:5,(anonymous_10)
FNDA:2,(anonymous_11)
FNDA:2,(anonymous_12)
FNDA:1,(anonymous_13)
FNDA:1,(anonymous_14)
FNDA:1,(anonymous_15)
FNDA:1,(anonymous_16)
FNDA:0,(anonymous_17)
DA:1,1
DA:2,1
DA:3,1
DA:8,1
DA:9,2
DA:16,1
DA:17,4
DA:18,2
DA:19,2
DA:20,1
DA:22,1
DA:26,1
DA:27,5
DA:28,3
DA:29,2
DA:30,1
DA:32,1
DA:36,1
DA:38,2
DA:39,2
DA:40,1
DA:43,1
DA:46,1
DA:47,1
DA:49,1
DA:52,1
DA:53,1
DA:54,1
DA:58,1
DA:60,0
LF:30
LH:29
BRDA:10,0,0,2
BRDA:10,0,1,2
BRDA:10,0,2,2
BRDA:10,0,3,2
BRDA:10,0,4,1
BRDA:17,1,0,2
BRDA:17,1,1,2
BRDA:19,2,0,1
BRDA:19,2,1,1
BRDA:27,3,0,3
BRDA:27,3,1,2
BRDA:29,4,0,1
BRDA:29,4,1,1
BRDA:39,5,0,1
BRDA:39,5,1,1
BRF:15
BRH:15
end_of_record
